{"D:\\DANIEL\\PROYECTOS\\talllerFullStack\\config\\auth.config.js": {"path":"D:\\DANIEL\\PROYECTOS\\talllerFullStack\\config\\auth.config.js","statementMap":{"0":{"start":{"line":3,"column":0},"end":{"line":5,"column":2}}},"fnMap":{},"branchMap":{},"s":{"0":2},"f":{},"b":{},"_coverageSchema":"1a1c01bbd47fc00a2c39e90264f33305004495a9","hash":"28f7799499f7c72abb0d0eac31e375e6b6527af9"}
,"D:\\DANIEL\\PROYECTOS\\talllerFullStack\\config\\db.config.js": {"path":"D:\\DANIEL\\PROYECTOS\\talllerFullStack\\config\\db.config.js","statementMap":{"0":{"start":{"line":3,"column":0},"end":{"line":15,"column":4}}},"fnMap":{},"branchMap":{},"s":{"0":2},"f":{},"b":{},"_coverageSchema":"1a1c01bbd47fc00a2c39e90264f33305004495a9","hash":"8fc7030aa7d888d103d303f0c1c81573b64aa117"}
,"D:\\DANIEL\\PROYECTOS\\talllerFullStack\\src\\models\\coin.model.js": {"path":"D:\\DANIEL\\PROYECTOS\\talllerFullStack\\src\\models\\coin.model.js","statementMap":{"0":{"start":{"line":3,"column":0},"end":{"line":45,"column":4}},"1":{"start":{"line":4,"column":17},"end":{"line":42,"column":6}},"2":{"start":{"line":13,"column":12},"end":{"line":15,"column":13}},"3":{"start":{"line":14,"column":14},"end":{"line":14,"column":94}},"4":{"start":{"line":33,"column":12},"end":{"line":35,"column":13}},"5":{"start":{"line":34,"column":14},"end":{"line":34,"column":94}},"6":{"start":{"line":44,"column":4},"end":{"line":44,"column":16}}},"fnMap":{"0":{"name":"(anonymous_0)","decl":{"start":{"line":3,"column":17},"end":{"line":3,"column":18}},"loc":{"start":{"line":3,"column":43},"end":{"line":45,"column":3}},"line":3},"1":{"name":"(anonymous_1)","decl":{"start":{"line":12,"column":10},"end":{"line":12,"column":11}},"loc":{"start":{"line":12,"column":31},"end":{"line":16,"column":11}},"line":12},"2":{"name":"(anonymous_2)","decl":{"start":{"line":32,"column":10},"end":{"line":32,"column":11}},"loc":{"start":{"line":32,"column":31},"end":{"line":36,"column":11}},"line":32}},"branchMap":{"0":{"loc":{"start":{"line":13,"column":12},"end":{"line":15,"column":13}},"type":"if","locations":[{"start":{"line":13,"column":12},"end":{"line":15,"column":13}},{"start":{"line":13,"column":12},"end":{"line":15,"column":13}}],"line":13},"1":{"loc":{"start":{"line":13,"column":16},"end":{"line":13,"column":53}},"type":"binary-expr","locations":[{"start":{"line":13,"column":16},"end":{"line":13,"column":32}},{"start":{"line":13,"column":36},"end":{"line":13,"column":53}}],"line":13},"2":{"loc":{"start":{"line":33,"column":12},"end":{"line":35,"column":13}},"type":"if","locations":[{"start":{"line":33,"column":12},"end":{"line":35,"column":13}},{"start":{"line":33,"column":12},"end":{"line":35,"column":13}}],"line":33},"3":{"loc":{"start":{"line":33,"column":16},"end":{"line":33,"column":53}},"type":"binary-expr","locations":[{"start":{"line":33,"column":16},"end":{"line":33,"column":32}},{"start":{"line":33,"column":36},"end":{"line":33,"column":53}}],"line":33}},"s":{"0":2,"1":2,"2":0,"3":0,"4":0,"5":0,"6":2},"f":{"0":2,"1":0,"2":0},"b":{"0":[0,0],"1":[0,0],"2":[0,0],"3":[0,0]},"_coverageSchema":"1a1c01bbd47fc00a2c39e90264f33305004495a9","hash":"07fc666586f114d7a598b58eee5455e7e626de3f"}
,"D:\\DANIEL\\PROYECTOS\\talllerFullStack\\src\\models\\index.js": {"path":"D:\\DANIEL\\PROYECTOS\\talllerFullStack\\src\\models\\index.js","statementMap":{"0":{"start":{"line":3,"column":20},"end":{"line":3,"column":53}},"1":{"start":{"line":4,"column":18},"end":{"line":4,"column":38}},"2":{"start":{"line":6,"column":18},"end":{"line":17,"column":4}},"3":{"start":{"line":19,"column":13},"end":{"line":19,"column":15}},"4":{"start":{"line":21,"column":2},"end":{"line":21,"column":27}},"5":{"start":{"line":22,"column":2},"end":{"line":22,"column":27}},"6":{"start":{"line":24,"column":2},"end":{"line":24,"column":61}},"7":{"start":{"line":25,"column":2},"end":{"line":25,"column":61}},"8":{"start":{"line":26,"column":2},"end":{"line":26,"column":71}},"9":{"start":{"line":28,"column":2},"end":{"line":32,"column":5}},"10":{"start":{"line":34,"column":2},"end":{"line":38,"column":4}},"11":{"start":{"line":40,"column":2},"end":{"line":40,"column":22}}},"fnMap":{},"branchMap":{},"s":{"0":2,"1":2,"2":2,"3":2,"4":2,"5":2,"6":2,"7":2,"8":2,"9":2,"10":2,"11":2},"f":{},"b":{},"_coverageSchema":"1a1c01bbd47fc00a2c39e90264f33305004495a9","hash":"27adf55b6e945c641e106b4d25387a412beca87f"}
,"D:\\DANIEL\\PROYECTOS\\talllerFullStack\\src\\models\\user.model.js": {"path":"D:\\DANIEL\\PROYECTOS\\talllerFullStack\\src\\models\\user.model.js","statementMap":{"0":{"start":{"line":3,"column":0},"end":{"line":49,"column":4}},"1":{"start":{"line":4,"column":17},"end":{"line":47,"column":6}},"2":{"start":{"line":10,"column":12},"end":{"line":12,"column":13}},"3":{"start":{"line":11,"column":14},"end":{"line":11,"column":99}},"4":{"start":{"line":21,"column":12},"end":{"line":23,"column":13}},"5":{"start":{"line":22,"column":14},"end":{"line":22,"column":99}},"6":{"start":{"line":33,"column":12},"end":{"line":35,"column":13}},"7":{"start":{"line":34,"column":14},"end":{"line":34,"column":98}},"8":{"start":{"line":48,"column":4},"end":{"line":48,"column":16}}},"fnMap":{"0":{"name":"(anonymous_0)","decl":{"start":{"line":3,"column":17},"end":{"line":3,"column":18}},"loc":{"start":{"line":3,"column":43},"end":{"line":49,"column":3}},"line":3},"1":{"name":"(anonymous_1)","decl":{"start":{"line":9,"column":10},"end":{"line":9,"column":11}},"loc":{"start":{"line":9,"column":31},"end":{"line":13,"column":11}},"line":9},"2":{"name":"(anonymous_2)","decl":{"start":{"line":20,"column":10},"end":{"line":20,"column":11}},"loc":{"start":{"line":20,"column":31},"end":{"line":24,"column":11}},"line":20},"3":{"name":"(anonymous_3)","decl":{"start":{"line":32,"column":10},"end":{"line":32,"column":11}},"loc":{"start":{"line":32,"column":35},"end":{"line":36,"column":11}},"line":32}},"branchMap":{"0":{"loc":{"start":{"line":10,"column":12},"end":{"line":12,"column":13}},"type":"if","locations":[{"start":{"line":10,"column":12},"end":{"line":12,"column":13}},{"start":{"line":10,"column":12},"end":{"line":12,"column":13}}],"line":10},"1":{"loc":{"start":{"line":10,"column":16},"end":{"line":10,"column":53}},"type":"binary-expr","locations":[{"start":{"line":10,"column":16},"end":{"line":10,"column":32}},{"start":{"line":10,"column":36},"end":{"line":10,"column":53}}],"line":10},"2":{"loc":{"start":{"line":21,"column":12},"end":{"line":23,"column":13}},"type":"if","locations":[{"start":{"line":21,"column":12},"end":{"line":23,"column":13}},{"start":{"line":21,"column":12},"end":{"line":23,"column":13}}],"line":21},"3":{"loc":{"start":{"line":21,"column":16},"end":{"line":21,"column":53}},"type":"binary-expr","locations":[{"start":{"line":21,"column":16},"end":{"line":21,"column":32}},{"start":{"line":21,"column":36},"end":{"line":21,"column":53}}],"line":21},"4":{"loc":{"start":{"line":33,"column":12},"end":{"line":35,"column":13}},"type":"if","locations":[{"start":{"line":33,"column":12},"end":{"line":35,"column":13}},{"start":{"line":33,"column":12},"end":{"line":35,"column":13}}],"line":33},"5":{"loc":{"start":{"line":33,"column":16},"end":{"line":33,"column":53}},"type":"binary-expr","locations":[{"start":{"line":33,"column":16},"end":{"line":33,"column":32}},{"start":{"line":33,"column":36},"end":{"line":33,"column":53}}],"line":33}},"s":{"0":2,"1":2,"2":2,"3":0,"4":2,"5":0,"6":2,"7":0,"8":2},"f":{"0":2,"1":2,"2":2,"3":2},"b":{"0":[0,2],"1":[2,2],"2":[0,2],"3":[2,2],"4":[0,2],"5":[2,2]},"_coverageSchema":"1a1c01bbd47fc00a2c39e90264f33305004495a9","hash":"d300868bd4d132cd6538b484c855ff3c065446c9"}
,"D:\\DANIEL\\PROYECTOS\\talllerFullStack\\src\\models\\user_coin.model.js": {"path":"D:\\DANIEL\\PROYECTOS\\talllerFullStack\\src\\models\\user_coin.model.js","statementMap":{"0":{"start":{"line":3,"column":0},"end":{"line":15,"column":4}},"1":{"start":{"line":4,"column":21},"end":{"line":13,"column":6}},"2":{"start":{"line":14,"column":4},"end":{"line":14,"column":20}}},"fnMap":{"0":{"name":"(anonymous_0)","decl":{"start":{"line":3,"column":17},"end":{"line":3,"column":18}},"loc":{"start":{"line":3,"column":43},"end":{"line":15,"column":3}},"line":3}},"branchMap":{},"s":{"0":2,"1":2,"2":2},"f":{"0":2},"b":{},"_coverageSchema":"1a1c01bbd47fc00a2c39e90264f33305004495a9","hash":"ce5eda1866c58e37dc7dbb9dd8bcfe79d9ad351c"}
,"D:\\DANIEL\\PROYECTOS\\talllerFullStack\\src\\services\\index.js": {"path":"D:\\DANIEL\\PROYECTOS\\talllerFullStack\\src\\services\\index.js","statementMap":{"0":{"start":{"line":3,"column":15},"end":{"line":3,"column":50}},"1":{"start":{"line":4,"column":12},"end":{"line":4,"column":33}},"2":{"start":{"line":5,"column":15},"end":{"line":5,"column":32}},"3":{"start":{"line":7,"column":18},"end":{"line":14,"column":1}},"4":{"start":{"line":8,"column":20},"end":{"line":12,"column":5}},"5":{"start":{"line":13,"column":4},"end":{"line":13,"column":45}},"6":{"start":{"line":16,"column":18},"end":{"line":38,"column":1}},"7":{"start":{"line":17,"column":20},"end":{"line":36,"column":6}},"8":{"start":{"line":18,"column":8},"end":{"line":35,"column":9}},"9":{"start":{"line":19,"column":28},"end":{"line":19,"column":60}},"10":{"start":{"line":21,"column":12},"end":{"line":26,"column":13}},"11":{"start":{"line":22,"column":16},"end":{"line":25,"column":18}},"12":{"start":{"line":28,"column":12},"end":{"line":28,"column":33}},"13":{"start":{"line":31,"column":12},"end":{"line":34,"column":14}},"14":{"start":{"line":37,"column":4},"end":{"line":37,"column":19}},"15":{"start":{"line":40,"column":0},"end":{"line":43,"column":1}}},"fnMap":{"0":{"name":"(anonymous_0)","decl":{"start":{"line":7,"column":18},"end":{"line":7,"column":19}},"loc":{"start":{"line":7,"column":28},"end":{"line":14,"column":1}},"line":7},"1":{"name":"(anonymous_1)","decl":{"start":{"line":16,"column":18},"end":{"line":16,"column":19}},"loc":{"start":{"line":16,"column":31},"end":{"line":38,"column":1}},"line":16},"2":{"name":"(anonymous_2)","decl":{"start":{"line":17,"column":32},"end":{"line":17,"column":33}},"loc":{"start":{"line":17,"column":52},"end":{"line":36,"column":5}},"line":17}},"branchMap":{"0":{"loc":{"start":{"line":21,"column":12},"end":{"line":26,"column":13}},"type":"if","locations":[{"start":{"line":21,"column":12},"end":{"line":26,"column":13}},{"start":{"line":21,"column":12},"end":{"line":26,"column":13}}],"line":21}},"s":{"0":2,"1":2,"2":2,"3":2,"4":2,"5":2,"6":2,"7":2,"8":2,"9":2,"10":2,"11":0,"12":2,"13":0,"14":2,"15":2},"f":{"0":2,"1":2,"2":2},"b":{"0":[0,2]},"_coverageSchema":"1a1c01bbd47fc00a2c39e90264f33305004495a9","hash":"23c7dea229da97d233db9eab92864c7c77f0f5ea"}
,"D:\\DANIEL\\PROYECTOS\\talllerFullStack\\src\\utils\\priceQuotation.js": {"path":"D:\\DANIEL\\PROYECTOS\\talllerFullStack\\src\\utils\\priceQuotation.js","statementMap":{"0":{"start":{"line":3,"column":13},"end":{"line":3,"column":14}},"1":{"start":{"line":5,"column":17},"end":{"line":7,"column":1}},"2":{"start":{"line":6,"column":4},"end":{"line":6,"column":31}},"3":{"start":{"line":9,"column":0},"end":{"line":9,"column":31}}},"fnMap":{"0":{"name":"(anonymous_0)","decl":{"start":{"line":5,"column":17},"end":{"line":5,"column":18}},"loc":{"start":{"line":5,"column":42},"end":{"line":7,"column":1}},"line":5}},"branchMap":{},"s":{"0":1,"1":1,"2":1,"3":1},"f":{"0":1},"b":{},"_coverageSchema":"1a1c01bbd47fc00a2c39e90264f33305004495a9","hash":"69f82f20cc4b100a040327f2c02ec4dbdee7ddf0"}
}
